<?xml version="1.0" encoding="UTF-8"?>
<robot generator="Robot 6.1.1 (Python 3.11.5 on win32)" generated="20231106 19:10:29.934" rpa="false" schemaversion="4">
<suite id="s1" name="Registro Usuarios" source="C:\Users\bryan\Downloads\Pruebas_robot\registro_usuarios.robot">
<test id="s1-t1" name="Registro de Usuario" line="5">
<kw name="Open Browser" library="SeleniumLibrary">
<arg>https://elevenstore.netlify.app/html/registrarse</arg>
<arg>Chrome</arg>
<doc>Opens a new browser instance to the optional ``url``.</doc>
<msg timestamp="20231106 19:10:32.181" level="INFO">Opening browser 'Chrome' to base url 'https://elevenstore.netlify.app/html/registrarse'.</msg>
<status status="PASS" starttime="20231106 19:10:32.180" endtime="20231106 19:10:57.755"/>
</kw>
<kw name="Input Text" library="SeleniumLibrary">
<arg>id=nombre</arg>
<arg>bryan</arg>
<doc>Types the given ``text`` into the text field identified by ``locator``.</doc>
<msg timestamp="20231106 19:10:57.761" level="INFO">Typing text 'bryan' into text field 'id=nombre'.</msg>
<status status="PASS" starttime="20231106 19:10:57.760" endtime="20231106 19:10:58.594"/>
</kw>
<kw name="Input Text" library="SeleniumLibrary">
<arg>id=usuario</arg>
<arg>usuario1</arg>
<doc>Types the given ``text`` into the text field identified by ``locator``.</doc>
<msg timestamp="20231106 19:10:58.596" level="INFO">Typing text 'usuario1' into text field 'id=usuario'.</msg>
<status status="PASS" starttime="20231106 19:10:58.595" endtime="20231106 19:10:58.728"/>
</kw>
<kw name="Input Text" library="SeleniumLibrary">
<arg>id=email</arg>
<arg>bryancorado90@gmail.com</arg>
<doc>Types the given ``text`` into the text field identified by ``locator``.</doc>
<msg timestamp="20231106 19:10:58.729" level="INFO">Typing text 'bryancorado90@gmail.com' into text field 'id=email'.</msg>
<status status="PASS" starttime="20231106 19:10:58.728" endtime="20231106 19:10:58.862"/>
</kw>
<kw name="Input Text" library="SeleniumLibrary">
<arg>id=password</arg>
<arg>sara123</arg>
<doc>Types the given ``text`` into the text field identified by ``locator``.</doc>
<msg timestamp="20231106 19:10:58.863" level="INFO">Typing text 'sara123' into text field 'id=password'.</msg>
<status status="PASS" starttime="20231106 19:10:58.862" endtime="20231106 19:10:58.986"/>
</kw>
<kw name="Capture Page Screenshot" library="SeleniumLibrary">
<doc>Takes a screenshot of the current page and embeds it into a log file.</doc>
<msg timestamp="20231106 19:10:59.162" level="INFO" html="true">&lt;/td&gt;&lt;/tr&gt;&lt;tr&gt;&lt;td colspan="3"&gt;&lt;a href="selenium-screenshot-6.png"&gt;&lt;img src="selenium-screenshot-6.png" width="800px"&gt;&lt;/a&gt;</msg>
<status status="PASS" starttime="20231106 19:10:58.987" endtime="20231106 19:10:59.162"/>
</kw>
<kw name="Sleep" library="BuiltIn">
<arg>10s</arg>
<doc>Pauses the test executed for the given time.</doc>
<msg timestamp="20231106 19:11:09.163" level="INFO">Slept 10 seconds</msg>
<status status="PASS" starttime="20231106 19:10:59.163" endtime="20231106 19:11:09.163"/>
</kw>
<kw name="Close Browser" library="SeleniumLibrary">
<doc>Closes the current browser.</doc>
<status status="PASS" starttime="20231106 19:11:09.163" endtime="20231106 19:11:11.677"/>
</kw>
<status status="PASS" starttime="20231106 19:10:32.178" endtime="20231106 19:11:11.678"/>
</test>
<status status="PASS" starttime="20231106 19:10:29.936" endtime="20231106 19:11:11.679"/>
</suite>
<statistics>
<total>
<stat pass="1" fail="0" skip="0">All Tests</stat>
</total>
<tag>
</tag>
<suite>
<stat pass="1" fail="0" skip="0" id="s1" name="Registro Usuarios">Registro Usuarios</stat>
</suite>
</statistics>
<errors>
</errors>
</robot>
